  ShaderFuncs.cpp
  Plane.cpp
c:\users\rikir\onedrive\escritorio\graficacion\proyectos\pacman3d\src\plane.cpp(35): warning C4244: 'initializing': conversion from 'double' to 'GLfloat', possible loss of data
c:\users\rikir\onedrive\escritorio\graficacion\proyectos\pacman3d\src\plane.cpp(36): warning C4244: 'initializing': conversion from 'double' to 'GLfloat', possible loss of data
c:\users\rikir\onedrive\escritorio\graficacion\proyectos\pacman3d\src\plane.cpp(44): warning C4244: 'initializing': conversion from 'double' to 'GLfloat', possible loss of data
c:\users\rikir\onedrive\escritorio\graficacion\proyectos\pacman3d\src\plane.cpp(45): warning C4244: 'initializing': conversion from 'double' to 'GLfloat', possible loss of data
c:\users\rikir\onedrive\escritorio\graficacion\proyectos\pacman3d\src\plane.cpp(127): warning C4267: 'return': conversion from 'size_t' to 'int', possible loss of data
  HelloTriangle.cpp
c:\users\rikir\onedrive\escritorio\graficacion\proyectos\pacman3d\src\hellotriangle.cpp(15): warning C4305: 'initializing': truncation from 'double' to 'float'
c:\users\rikir\onedrive\escritorio\graficacion\proyectos\pacman3d\src\hellotriangle.cpp(65): warning C4129: ' ': unrecognized character escape sequence
c:\users\rikir\onedrive\escritorio\graficacion\proyectos\pacman3d\src\hellotriangle.cpp(66): warning C4129: ' ': unrecognized character escape sequence
  Application.cpp
c:\users\rikir\onedrive\escritorio\graficacion\proyectos\pacman3d\src\application.cpp(143): warning C4838: conversion from 'double' to 'GLfloat' requires a narrowing conversion
c:\users\rikir\onedrive\escritorio\graficacion\proyectos\pacman3d\src\application.cpp(143): warning C4305: 'initializing': truncation from 'double' to 'GLfloat'
c:\users\rikir\onedrive\escritorio\graficacion\proyectos\pacman3d\src\application.cpp(316): warning C4553: '==': operator has no effect; did you intend '='?
c:\users\rikir\onedrive\escritorio\graficacion\proyectos\pacman3d\src\application.cpp(320): warning C4553: '==': operator has no effect; did you intend '='?
  Source.cpp
  Generating Code...
LINK : warning LNK4098: defaultlib 'MSVCRT' conflicts with use of other libs; use /NODEFAULTLIB:library
LINK : warning LNK4098: defaultlib 'LIBCMT' conflicts with use of other libs; use /NODEFAULTLIB:library
glew32s.lib(glew.obj) : warning LNK4099: PDB 'vc120.pdb' was not found with 'glew32s.lib(glew.obj)' or at 'C:\Users\rikir\OneDrive\Escritorio\Graficacion\Proyectos\x64\Debug\vc120.pdb'; linking object as if no debug info
  Pacman3D.vcxproj -> C:\Users\rikir\OneDrive\Escritorio\Graficacion\Proyectos\x64\Debug\Pacman3D.exe
