  ShaderFuncs.cpp
  HelloTriangle.cpp
c:\users\rikir\onedrive\escritorio\graficacion\proyectos\hellotriangle\src\hellotriangle.cpp(61): warning C4129: ' ': unrecognized character escape sequence
c:\users\rikir\onedrive\escritorio\graficacion\proyectos\hellotriangle\src\hellotriangle.cpp(62): warning C4129: ' ': unrecognized character escape sequence
  Application.cpp
  Generating Code...
Application.obj : error LNK2001: unresolved external symbol __imp____glewBindBuffer
Application.obj : error LNK2001: unresolved external symbol __imp____glewBufferData
Application.obj : error LNK2001: unresolved external symbol __imp____glewGenBuffers
Application.obj : error LNK2001: unresolved external symbol __imp____glewEnableVertexAttribArray
Application.obj : error LNK2001: unresolved external symbol __imp____glewUseProgram
ShaderFuncs.obj : error LNK2001: unresolved external symbol __imp____glewUseProgram
Application.obj : error LNK2001: unresolved external symbol __imp____glewVertexAttribPointer
Application.obj : error LNK2001: unresolved external symbol __imp____glewBindVertexArray
Application.obj : error LNK2001: unresolved external symbol __imp____glewGenVertexArrays
HelloTriangle.obj : error LNK2019: unresolved external symbol __imp__glewInit@0 referenced in function _main
HelloTriangle.obj : error LNK2019: unresolved external symbol _glfwInit referenced in function _main
HelloTriangle.obj : error LNK2019: unresolved external symbol _glfwTerminate referenced in function _main
HelloTriangle.obj : error LNK2019: unresolved external symbol _glfwCreateWindow referenced in function _main
HelloTriangle.obj : error LNK2019: unresolved external symbol _glfwWindowShouldClose referenced in function _main
HelloTriangle.obj : error LNK2019: unresolved external symbol _glfwPollEvents referenced in function _main
HelloTriangle.obj : error LNK2019: unresolved external symbol _glfwMakeContextCurrent referenced in function _main
HelloTriangle.obj : error LNK2019: unresolved external symbol _glfwSwapBuffers referenced in function _main
HelloTriangle.obj : error LNK2001: unresolved external symbol __imp__glewExperimental
ShaderFuncs.obj : error LNK2001: unresolved external symbol __imp____glewAttachShader
ShaderFuncs.obj : error LNK2001: unresolved external symbol __imp____glewCompileShader
ShaderFuncs.obj : error LNK2001: unresolved external symbol __imp____glewCreateProgram
ShaderFuncs.obj : error LNK2001: unresolved external symbol __imp____glewCreateShader
ShaderFuncs.obj : error LNK2001: unresolved external symbol __imp____glewDeleteShader
ShaderFuncs.obj : error LNK2001: unresolved external symbol __imp____glewDetachShader
ShaderFuncs.obj : error LNK2001: unresolved external symbol __imp____glewGetProgramInfoLog
ShaderFuncs.obj : error LNK2001: unresolved external symbol __imp____glewGetProgramiv
ShaderFuncs.obj : error LNK2001: unresolved external symbol __imp____glewGetShaderInfoLog
ShaderFuncs.obj : error LNK2001: unresolved external symbol __imp____glewGetShaderiv
ShaderFuncs.obj : error LNK2001: unresolved external symbol __imp____glewLinkProgram
ShaderFuncs.obj : error LNK2001: unresolved external symbol __imp____glewShaderSource
C:\Users\rikir\OneDrive\Escritorio\Graficacion\Proyectos\Bibliotecas\glfw\lib-vc2015\glfw3.lib : warning LNK4272: library machine type 'x64' conflicts with target machine type 'x86'
C:\Users\rikir\OneDrive\Escritorio\Graficacion\Proyectos\Bibliotecas\glew\lib\Release\x64\glew32s.lib : warning LNK4272: library machine type 'x64' conflicts with target machine type 'x86'
C:\Users\rikir\OneDrive\Escritorio\Graficacion\Proyectos\Debug\HelloTriangle.exe : fatal error LNK1120: 29 unresolved externals
